<?xml version="1.0" encoding="UTF-8"?>
<!-- Generated by org.testng.reporters.JUnitReportReporter -->
<testsuite hostname="LAPTOP-A67INA13" failures="0" tests="4" name="project.StarHealthPage" time="16.991" errors="0" timestamp="2023-10-24T13:09:19 IST" skipped="0">
  <testcase classname="project.StarHealthPage" name="Validate_title" time="0.023"/>
  <system-out/>
  <testcase classname="project.StarHealthPage" name="Test_Header_plan" time="11.316"/>
  <system-out/>
  <testcase classname="project.StarHealthPage" name="validatedatafromExcel" time="0.370"/>
  <system-out/>
  <testcase classname="project.StarHealthPage" name="Clickontwitter" time="5.282"/>
  <system-out/>
</testsuite> <!-- project.StarHealthPage -->
