<?xml version="1.0" encoding="UTF-8"?>
<!-- Generated by org.testng.reporters.JUnitReportReporter -->
<testsuite hostname="LAPTOP-A67INA13" failures="0" tests="1" name="com.demowebshop.qa.SeleniumGrid.RegisterPage" time="8.965" errors="0" timestamp="2023-12-02T13:31:32 IST" skipped="0">
  <testcase classname="com.demowebshop.qa.SeleniumGrid.RegisterPage" name="gridDemo" time="8.965"/>
  <system-out/>
</testsuite> <!-- com.demowebshop.qa.SeleniumGrid.RegisterPage -->
