<?xml version="1.0" encoding="UTF-8"?>
<!-- Generated by org.testng.reporters.JUnitReportReporter -->
<testsuite hostname="LAPTOP-A67INA13" failures="0" tests="1" name="com.app.TDD.demo.TestUsernameFeature" time="0.033" errors="0" timestamp="2023-10-12T11:46:44 IST" skipped="0">
  <testcase classname="com.app.TDD.demo.TestUsernameFeature" name="usernameTest" time="0.033"/>
  <system-out/>
</testsuite> <!-- com.app.TDD.demo.TestUsernameFeature -->
