<?xml version="1.0" encoding="UTF-8"?>
<!-- Generated by org.testng.reporters.JUnitReportReporter -->
<testsuite hostname="LAPTOP-A67INA13" failures="0" tests="1" name="project.StarHealth002" time="9.359" errors="0" timestamp="2023-10-24T13:04:32 IST" skipped="0">
  <testcase classname="project.StarHealth002" name="print_link" time="9.359"/>
  <system-out/>
</testsuite> <!-- project.StarHealth002 -->
