<?xml version="1.0" encoding="UTF-8"?>
<!-- Generated by org.testng.reporters.JUnitReportReporter -->
<testsuite hostname="LAPTOP-A67INA13" failures="0" tests="2" name="restAssureScripts.Script008GithubBearerToken" time="3.671" errors="0" timestamp="2023-11-09T10:47:33 IST" skipped="0">
  <testcase classname="restAssureScripts.Script008GithubBearerToken" name="authorizationBearerToken" time="3.051"/>
  <system-out/>
  <testcase classname="restAssureScripts.Script008GithubBearerToken" name="authorization_BearerToken_Specificrepo" time="0.620"/>
  <system-out/>
</testsuite> <!-- restAssureScripts.Script008GithubBearerToken -->
