<?xml version="1.0" encoding="UTF-8"?>
<!-- Generated by org.testng.reporters.JUnitReportReporter -->
<testsuite hostname="LAPTOP-A67INA13" failures="0" tests="3" name="restAssureScripts.Script006PostmanAPIKey" time="8.001" errors="0" timestamp="2023-11-10T09:43:53 IST" skipped="0">
  <testcase classname="restAssureScripts.Script006PostmanAPIKey" name="postmanGetReq" time="3.845"/>
  <system-out/>
  <testcase classname="restAssureScripts.Script006PostmanAPIKey" name="extract_value_response" time="2.585"/>
  <system-out/>
  <testcase classname="restAssureScripts.Script006PostmanAPIKey" name="extract_response_JSONPath" time="1.571"/>
  <system-out/>
</testsuite> <!-- restAssureScripts.Script006PostmanAPIKey -->
