<?xml version="1.0" encoding="UTF-8"?>
<!-- Generated by org.testng.reporters.JUnitReportReporter -->
<testsuite hostname="LAPTOP-A67INA13" failures="0" tests="3" name="phaseEndProject.RestAssuredAss001" time="10.470" errors="0" timestamp="2023-11-11T11:26:54 IST" skipped="0">
  <testcase classname="phaseEndProject.RestAssuredAss001" name="petCreation" time="6.657"/>
  <system-out/>
  <testcase classname="phaseEndProject.RestAssuredAss001" name="getPetWithID" time="1.489"/>
  <system-out/>
  <testcase classname="phaseEndProject.RestAssuredAss001" name="deletePetWithID" time="2.324"/>
  <system-out/>
</testsuite> <!-- phaseEndProject.RestAssuredAss001 -->
