<?xml version="1.0" encoding="UTF-8"?>
<!-- Generated by org.testng.reporters.JUnitReportReporter -->
<testsuite hostname="LAPTOP-A67INA13" failures="0" tests="1" name="restAssureScripts.Script10SSLAuthentication" time="5.937" errors="0" timestamp="2023-11-09T12:12:07 IST" skipped="0">
  <testcase classname="restAssureScripts.Script10SSLAuthentication" name="SSL_authentication" time="5.937"/>
  <system-out/>
</testsuite> <!-- restAssureScripts.Script10SSLAuthentication -->
