<?xml version="1.0" encoding="UTF-8"?>
<!-- Generated by org.testng.reporters.JUnitReportReporter -->
<testsuite hostname="LAPTOP-A67INA13" failures="0" tests="1" name="restAssureScripts.LogginginRestAssured" time="13.700" errors="0" timestamp="2023-11-10T09:22:18 IST" skipped="0">
  <testcase classname="restAssureScripts.LogginginRestAssured" name="loggingMethods" time="13.700"/>
  <system-out/>
</testsuite> <!-- restAssureScripts.LogginginRestAssured -->
