<?xml version="1.0" encoding="UTF-8"?>
<!-- Generated by org.testng.reporters.JUnitReportReporter -->
<testsuite hostname="LAPTOP-A67INA13" failures="0" tests="3" name="lessonEndProject.PayLoadJSON" time="11.008" errors="0" timestamp="2023-11-10T11:52:10 IST" skipped="0">
  <testcase classname="lessonEndProject.PayLoadJSON" name="petCreation" time="7.777"/>
  <system-out/>
  <testcase classname="lessonEndProject.PayLoadJSON" name="getPetWithID" time="1.739"/>
  <system-out/>
  <testcase classname="lessonEndProject.PayLoadJSON" name="deletePetWithID" time="1.492"/>
  <system-out/>
</testsuite> <!-- lessonEndProject.PayLoadJSON -->
