<?xml version="1.0" encoding="UTF-8"?>
<!-- Generated by org.testng.reporters.JUnitReportReporter -->
<testsuite hostname="LAPTOP-A67INA13" failures="0" tests="2" name="restAssureScripts.Script002GetMethod" time="3.120" errors="0" timestamp="2023-11-08T10:35:25 IST" skipped="1">
  <testcase classname="restAssureScripts.Script002GetMethod" name="GetmethodBDDStyle" time="3.120"/>
  <system-out/>
  <testcase classname="restAssureScripts.Script002GetMethod" name="httpGetMethod">
    <skipped/>
  </testcase> <!-- httpGetMethod -->
  <system-out/>
</testsuite> <!-- restAssureScripts.Script002GetMethod -->
