<?xml version="1.0" encoding="UTF-8"?>
<!-- Generated by org.testng.reporters.JUnitReportReporter -->
<testsuite hostname="LAPTOP-A67INA13" failures="0" tests="1" name="restAssureScripts.Script004PayloadJSON" time="7.711" errors="0" timestamp="2023-11-08T12:13:19 IST" skipped="0">
  <testcase classname="restAssureScripts.Script004PayloadJSON" name="postUsingJSON" time="7.711"/>
  <system-out/>
</testsuite> <!-- restAssureScripts.Script004PayloadJSON -->
