<?xml version="1.0" encoding="UTF-8"?>
<!-- Generated by org.testng.reporters.JUnitReportReporter -->
<testsuite hostname="LAPTOP-A67INA13" failures="0" tests="1" name="lessonEndProject.BasicAuthentication" time="7.827" errors="0" timestamp="2023-11-10T12:33:58 IST" skipped="0">
  <testcase classname="lessonEndProject.BasicAuthentication" name="authenticate" time="7.827"/>
  <system-out/>
</testsuite> <!-- lessonEndProject.BasicAuthentication -->
