<?xml version="1.0" encoding="UTF-8"?>
<!-- Generated by org.testng.reporters.JUnitReportReporter -->
<testsuite hostname="LAPTOP-A67INA13" failures="0" tests="1" name="com.redbus.qa.TestPages.TestHomePage" time="14.442" errors="0" timestamp="2023-10-12T18:12:21 IST" skipped="0">
  <testcase classname="com.redbus.qa.TestPages.TestHomePage" name="testBookTickets" time="14.442"/>
  <system-out/>
</testsuite> <!-- com.redbus.qa.TestPages.TestHomePage -->
