<?xml version="1.0" encoding="UTF-8"?>
<!-- Generated by org.testng.reporters.JUnitReportReporter -->
<testsuite hostname="LAPTOP-A67INA13" failures="0" tests="1" name="phaseEndProject.RestAssuredAss004" time="6.083" errors="0" timestamp="2023-11-11T11:39:46 IST" skipped="0">
  <testcase classname="phaseEndProject.RestAssuredAss004" name="authenticate" time="6.083"/>
  <system-out/>
</testsuite> <!-- phaseEndProject.RestAssuredAss004 -->
