<?xml version="1.0" encoding="UTF-8"?>
<!-- Generated by org.testng.reporters.JUnitReportReporter -->
<testsuite hostname="LAPTOP-A67INA13" failures="0" tests="1" name="phaseEndProject.RestAssuredAss005" time="4.785" errors="0" timestamp="2023-11-11T11:41:57 IST" skipped="0">
  <testcase classname="phaseEndProject.RestAssuredAss005" name="petFindByStatus" time="4.785"/>
  <system-out/>
</testsuite> <!-- phaseEndProject.RestAssuredAss005 -->
