<?xml version="1.0" encoding="UTF-8"?>
<!-- Generated by org.testng.reporters.JUnitReportReporter -->
<testsuite hostname="LAPTOP-A67INA13" failures="0" tests="1" name="restAssureScripts.Script001SetUpCheck" time="2.671" errors="0" timestamp="2023-11-08T10:08:40 IST" skipped="0">
  <testcase classname="restAssureScripts.Script001SetUpCheck" name="setupCheck" time="2.671"/>
  <system-out/>
</testsuite> <!-- restAssureScripts.Script001SetUpCheck -->
