<?xml version="1.0" encoding="UTF-8"?>
<!-- Generated by org.testng.reporters.JUnitReportReporter -->
<testsuite hostname="LAPTOP-A67INA13" failures="0" tests="1" name="restAssureScripts.Log4jDemo" time="0.046" errors="0" timestamp="2023-11-10T10:59:37 IST" skipped="0">
  <testcase classname="restAssureScripts.Log4jDemo" name="method1" time="0.046"/>
  <system-out/>
</testsuite> <!-- restAssureScripts.Log4jDemo -->
