<?xml version="1.0" encoding="UTF-8"?>
<!-- Generated by org.testng.reporters.JUnitReportReporter -->
<testsuite hostname="LAPTOP-A67INA13" failures="0" tests="1" name="phaseEndProject.RestAssuredAss003" time="5.988" errors="0" timestamp="2023-11-11T11:36:25 IST" skipped="0">
  <testcase classname="phaseEndProject.RestAssuredAss003" name="validateResponsebodyequalItems" time="5.988"/>
  <system-out/>
</testsuite> <!-- phaseEndProject.RestAssuredAss003 -->
