<?xml version="1.0" encoding="UTF-8"?>
<!-- Generated by org.testng.reporters.JUnitReportReporter -->
<testsuite hostname="LAPTOP-A67INA13" failures="0" tests="1" name="restAssureScripts.Script005PayLoadXML" time="7.651" errors="0" timestamp="2023-11-09T18:36:47 IST" skipped="0">
  <testcase classname="restAssureScripts.Script005PayLoadXML" name="payLoadXML" time="7.651"/>
  <system-out/>
</testsuite> <!-- restAssureScripts.Script005PayLoadXML -->
