<?xml version="1.0" encoding="UTF-8"?>
<!-- Generated by org.testng.reporters.JUnitReportReporter -->
<testsuite hostname="LAPTOP-A67INA13" failures="0" tests="2" name="lessonEndProject.RestAssuredAss002" time="9.154" errors="0" timestamp="2023-11-10T12:25:23 IST" skipped="0">
  <testcase classname="lessonEndProject.RestAssuredAss002" name="petCreation" time="7.585"/>
  <system-out/>
  <testcase classname="lessonEndProject.RestAssuredAss002" name="assignment002Put" time="1.569"/>
  <system-out/>
</testsuite> <!-- lessonEndProject.RestAssuredAss002 -->
