<?xml version="1.0" encoding="UTF-8"?>
<!-- Generated by org.testng.reporters.JUnitReportReporter -->
<testsuite hostname="LAPTOP-A67INA13" failures="0" tests="1" name="restAssureScripts.Script003PostMethod" time="6.143" errors="0" timestamp="2023-11-08T10:53:11 IST" skipped="0">
  <testcase classname="restAssureScripts.Script003PostMethod" name="postMethod" time="6.143"/>
  <system-out/>
</testsuite> <!-- restAssureScripts.Script003PostMethod -->
