<?xml version="1.0" encoding="UTF-8"?>
<!-- Generated by org.testng.reporters.JUnitReportReporter -->
<testsuite hostname="LAPTOP-A67INA13" failures="0" tests="3" name="restAssureScripts.Script007HamcrestValidateMethods" time="8.209" errors="0" timestamp="2023-11-09T10:28:23 IST" skipped="0">
  <testcase classname="restAssureScripts.Script007HamcrestValidateMethods" name="validateResponsebody" time="4.798"/>
  <system-out/>
  <testcase classname="restAssureScripts.Script007HamcrestValidateMethods" name="validateResponsebodyequalItems" time="1.560"/>
  <system-out/>
  <testcase classname="restAssureScripts.Script007HamcrestValidateMethods" name="validateResponseBody_HasItems" time="1.851"/>
  <system-out/>
</testsuite> <!-- restAssureScripts.Script007HamcrestValidateMethods -->
