<?xml version="1.0" encoding="UTF-8"?>
<!-- Generated by org.testng.reporters.JUnitReportReporter -->
<testsuite hostname="LAPTOP-A67INA13" failures="0" tests="1" name="lessonEndProject.RestAssuredAss006" time="7.436" errors="0" timestamp="2023-11-10T12:44:35 IST" skipped="0">
  <testcase classname="lessonEndProject.RestAssuredAss006" name="assignment006Logout" time="7.436"/>
  <system-out/>
</testsuite> <!-- lessonEndProject.RestAssuredAss006 -->
