<?xml version="1.0" encoding="UTF-8"?>
<!-- Generated by org.testng.reporters.JUnitReportReporter -->
<testsuite hostname="LAPTOP-A67INA13" failures="0" tests="1" name="phaseEndProject.RestAssuredAss006" time="6.003" errors="0" timestamp="2023-11-11T11:46:36 IST" skipped="0">
  <testcase classname="phaseEndProject.RestAssuredAss006" name="assignment006Logout" time="6.003"/>
  <system-out/>
</testsuite> <!-- phaseEndProject.RestAssuredAss006 -->
