<?xml version="1.0" encoding="UTF-8"?>
<!-- Generated by org.testng.reporters.JUnitReportReporter -->
<testsuite hostname="LAPTOP-A67INA13" failures="0" tests="1" name="lessonEndProject.RestAssuredAss005" time="5.728" errors="0" timestamp="2023-11-10T12:37:15 IST" skipped="0">
  <testcase classname="lessonEndProject.RestAssuredAss005" name="petFindByStatus" time="5.728"/>
  <system-out/>
</testsuite> <!-- lessonEndProject.RestAssuredAss005 -->
