<?xml version="1.0" encoding="UTF-8"?>
<!-- Generated by org.testng.reporters.JUnitReportReporter -->
<testsuite hostname="LAPTOP-A67INA13" failures="0" tests="1" name="lessonEndProject.RestAssuredAss003" time="8.237" errors="0" timestamp="2023-11-10T12:35:52 IST" skipped="0">
  <testcase classname="lessonEndProject.RestAssuredAss003" name="validateResponsebodyequalItems" time="8.237"/>
  <system-out/>
</testsuite> <!-- lessonEndProject.RestAssuredAss003 -->
