<?xml version="1.0" encoding="UTF-8"?>
<!-- Generated by org.testng.reporters.JUnitReportReporter -->
<testsuite hostname="LAPTOP-A67INA13" failures="0" tests="1" name="com.ninja.qa.TestPages.TestRegisterPage" time="24.804" errors="0" timestamp="2023-10-10T17:57:35 IST" skipped="0">
  <testcase classname="com.ninja.qa.TestPages.TestRegisterPage" name="testregisterUser" time="24.804"/>
  <system-out/>
</testsuite> <!-- com.ninja.qa.TestPages.TestRegisterPage -->
