<?xml version="1.0" encoding="UTF-8"?>
<!-- Generated by org.testng.reporters.JUnitReportReporter -->
<testsuite hostname="LAPTOP-A67INA13" failures="0" tests="1" name="com.ninja.qa.TestPages.TestProductPage" time="16.357" errors="0" timestamp="2023-10-11T15:34:04 IST" skipped="0">
  <testcase classname="com.ninja.qa.TestPages.TestProductPage" name="testproduct_addtocart" time="16.357"/>
  <system-out/>
</testsuite> <!-- com.ninja.qa.TestPages.TestProductPage -->
