<?xml version="1.0" encoding="UTF-8"?>
<!-- Generated by org.testng.reporters.JUnitReportReporter -->
<testsuite hostname="LAPTOP-A67INA13" failures="0" tests="1" name="com.sportyshoe.RestAssuredScripts.UpdateProduct" time="2.755" errors="0" timestamp="2023-11-15T14:05:29 IST" skipped="0">
  <testcase classname="com.sportyshoe.RestAssuredScripts.UpdateProduct" name="updateShoeProduct" time="2.755"/>
  <system-out/>
</testsuite> <!-- com.sportyshoe.RestAssuredScripts.UpdateProduct -->
