<?xml version="1.0" encoding="UTF-8"?>
<!-- Generated by org.testng.reporters.JUnitReportReporter -->
<testsuite hostname="LAPTOP-A67INA13" failures="0" tests="3" name="com.sportyshoeTestPages.OrderPageTest" time="0.570" errors="0" timestamp="2023-11-15T14:29:58 IST" skipped="0">
  <testcase classname="com.sportyshoeTestPages.OrderPageTest" name="test_login" time="0.425"/>
  <system-out/>
  <testcase classname="com.sportyshoeTestPages.OrderPageTest" name="test_click_orders" time="0.131"/>
  <system-out/>
  <testcase classname="com.sportyshoeTestPages.OrderPageTest" name="test_getTitle_page" time="0.014"/>
  <system-out/>
</testsuite> <!-- com.sportyshoeTestPages.OrderPageTest -->
