<?xml version="1.0" encoding="UTF-8"?>
<!-- Generated by org.testng.reporters.JUnitReportReporter -->
<testsuite hostname="LAPTOP-A67INA13" failures="0" tests="3" name="com.sportyshoeTestPages.HomePageTest" time="1.733" errors="0" timestamp="2023-11-15T14:12:40 IST" skipped="0">
  <testcase classname="com.sportyshoeTestPages.HomePageTest" name="test_GetUrl" time="0.015"/>
  <system-out/>
  <testcase classname="com.sportyshoeTestPages.HomePageTest" name="test_getTextOnPage" time="0.040"/>
  <system-out/>
  <testcase classname="com.sportyshoeTestPages.HomePageTest" name="test_click_register_link" time="1.678"/>
  <system-out/>
</testsuite> <!-- com.sportyshoeTestPages.HomePageTest -->
