<?xml version="1.0" encoding="UTF-8"?>
<!-- Generated by org.testng.reporters.JUnitReportReporter -->
<testsuite hostname="LAPTOP-A67INA13" failures="0" tests="5" name="com.sportyshoeTestPages.RegisterPageTest" time="2.047" errors="0" timestamp="2023-11-15T14:34:58 IST" skipped="0">
  <testcase classname="com.sportyshoeTestPages.RegisterPageTest" name="test_click_register_link" time="1.636"/>
  <system-out/>
  <testcase classname="com.sportyshoeTestPages.RegisterPageTest" name="test_getTitle_page" time="0.014"/>
  <system-out/>
  <testcase classname="com.sportyshoeTestPages.RegisterPageTest" name="Test_register_user" time="0.348"/>
  <system-out/>
  <testcase classname="com.sportyshoeTestPages.RegisterPageTest" name="Test_validate_registration_URL" time="0.009"/>
  <system-out/>
  <testcase classname="com.sportyshoeTestPages.RegisterPageTest" name="Test_validate_registration_Text" time="0.040"/>
  <system-out/>
</testsuite> <!-- com.sportyshoeTestPages.RegisterPageTest -->
