<?xml version="1.0" encoding="UTF-8"?>
<!-- Generated by org.testng.reporters.JUnitReportReporter -->
<testsuite hostname="LAPTOP-A67INA13" failures="0" tests="1" name="com.sportyshoe.RestAssuredScripts.GetAllShoes" time="2.854" errors="0" timestamp="2023-11-15T13:53:05 IST" skipped="0">
  <testcase classname="com.sportyshoe.RestAssuredScripts.GetAllShoes" name="getAllShoes" time="2.854"/>
  <system-out/>
</testsuite> <!-- com.sportyshoe.RestAssuredScripts.GetAllShoes -->
