<?xml version="1.0" encoding="UTF-8"?>
<!-- Generated by org.testng.reporters.JUnitReportReporter -->
<testsuite hostname="LAPTOP-A67INA13" failures="0" tests="4" name="com.sportyshoeTestPages.LoginPageTest" time="0.675" errors="0" timestamp="2023-11-15T14:21:16 IST" skipped="0">
  <testcase classname="com.sportyshoeTestPages.LoginPageTest" name="test_login" time="0.452"/>
  <system-out/>
  <testcase classname="com.sportyshoeTestPages.LoginPageTest" name="test_getTitle_page" time="0.017"/>
  <system-out/>
  <testcase classname="com.sportyshoeTestPages.LoginPageTest" name="Test_validate_registration_Text" time="0.048"/>
  <system-out/>
  <testcase classname="com.sportyshoeTestPages.LoginPageTest" name="test_click_cart" time="0.158"/>
  <system-out/>
</testsuite> <!-- com.sportyshoeTestPages.LoginPageTest -->
