<?xml version="1.0" encoding="UTF-8"?>
<!-- Generated by org.testng.reporters.JUnitReportReporter -->
<testsuite hostname="LAPTOP-A67INA13" failures="0" tests="1" name="com.sportyshoe.RestAssuredScripts.GetUsers" time="2.781" errors="0" timestamp="2023-11-15T13:56:18 IST" skipped="0">
  <testcase classname="com.sportyshoe.RestAssuredScripts.GetUsers" name="getAllRegisteredUsers" time="2.781"/>
  <system-out/>
</testsuite> <!-- com.sportyshoe.RestAssuredScripts.GetUsers -->
