<?xml version="1.0" encoding="UTF-8"?>
<!-- Generated by org.testng.reporters.JUnitReportReporter -->
<testsuite hostname="LAPTOP-A67INA13" failures="0" tests="1" name="com.sportyshoe.RestAssuredScripts.AddShoeProduct" time="3.004" errors="0" timestamp="2023-11-15T14:00:32 IST" skipped="0">
  <testcase classname="com.sportyshoe.RestAssuredScripts.AddShoeProduct" name="addProduct" time="3.004"/>
  <system-out/>
</testsuite> <!-- com.sportyshoe.RestAssuredScripts.AddShoeProduct -->
