<?xml version="1.0" encoding="UTF-8"?>
<!-- Generated by org.testng.reporters.JUnitReportReporter -->
<testsuite hostname="LAPTOP-A67INA13" failures="0" tests="1" name="com.sportyshoe.RestAssuredScripts.DeleteProduct" time="2.796" errors="0" timestamp="2023-11-15T14:03:05 IST" skipped="0">
  <testcase classname="com.sportyshoe.RestAssuredScripts.DeleteProduct" name="deleteShoeProduct" time="2.796"/>
  <system-out/>
</testsuite> <!-- com.sportyshoe.RestAssuredScripts.DeleteProduct -->
