<?xml version="1.0" encoding="UTF-8"?>
<!-- Generated by org.testng.reporters.JUnitReportReporter -->
<testsuite hostname="LAPTOP-A67INA13" failures="0" tests="3" name="com.sportyshoeTestPages.AddtoCartPageTest" time="0.578" errors="0" timestamp="2023-11-15T14:26:27 IST" skipped="0">
  <testcase classname="com.sportyshoeTestPages.AddtoCartPageTest" name="test_login" time="0.428"/>
  <system-out/>
  <testcase classname="com.sportyshoeTestPages.AddtoCartPageTest" name="test_add_product_to_cart" time="0.077"/>
  <system-out/>
  <testcase classname="com.sportyshoeTestPages.AddtoCartPageTest" name="test_validate_success_message" time="0.073"/>
  <system-out/>
</testsuite> <!-- com.sportyshoeTestPages.AddtoCartPageTest -->
