<?xml version="1.0" encoding="UTF-8"?>
<!-- Generated by org.testng.reporters.JUnitReportReporter -->
<testsuite hostname="LAPTOP-A67INA13" failures="0" tests="1" name="com.redbus.qa.TestPages.TestTicketStatusPage" time="8.956" errors="0" timestamp="2023-10-12T15:34:05 IST" skipped="0">
  <testcase classname="com.redbus.qa.TestPages.TestTicketStatusPage" name="testTicketStatus" time="8.956"/>
  <system-out/>
</testsuite> <!-- com.redbus.qa.TestPages.TestTicketStatusPage -->
